{"/Users/juliencaucheteux/red2/server/constants.js": {"path":"/Users/juliencaucheteux/red2/server/constants.js","statementMap":{"0":{"start":{"line":1,"column":26},"end":{"line":1,"column":28}},"1":{"start":{"line":2,"column":26},"end":{"line":2,"column":28}},"2":{"start":{"line":4,"column":26},"end":{"line":4,"column":28}},"3":{"start":{"line":6,"column":26},"end":{"line":6,"column":30}},"4":{"start":{"line":8,"column":31},"end":{"line":8,"column":68}},"5":{"start":{"line":10,"column":35},"end":{"line":53,"column":1}},"6":{"start":{"line":55,"column":28},"end":{"line":55,"column":53}},"7":{"start":{"line":57,"column":28},"end":{"line":59,"column":1}},"8":{"start":{"line":61,"column":28},"end":{"line":61,"column":29}},"9":{"start":{"line":63,"column":42},"end":{"line":67,"column":1}}},"fnMap":{},"branchMap":{},"s":{"0":1,"1":1,"2":1,"3":1,"4":1,"5":1,"6":1,"7":1,"8":1,"9":1},"f":{},"b":{},"_coverageSchema":"1a1c01bbd47fc00a2c39e90264f33305004495a9","hash":"d3ed9a01ad5191e6a76335bd65993bd8de21c443"}
,"/Users/juliencaucheteux/red2/server/server.js": {"path":"/Users/juliencaucheteux/red2/server/server.js","statementMap":{"0":{"start":{"line":8,"column":13},"end":{"line":8,"column":17}},"1":{"start":{"line":9,"column":12},"end":{"line":9,"column":21}},"2":{"start":{"line":10,"column":15},"end":{"line":10,"column":37}},"3":{"start":{"line":12,"column":0},"end":{"line":12,"column":16}},"4":{"start":{"line":13,"column":0},"end":{"line":13,"column":24}},"5":{"start":{"line":16,"column":0},"end":{"line":16,"column":27}},"6":{"start":{"line":18,"column":0},"end":{"line":18,"column":25}},"7":{"start":{"line":20,"column":0},"end":{"line":22,"column":3}},"8":{"start":{"line":21,"column":4},"end":{"line":21,"column":68}}},"fnMap":{"0":{"name":"(anonymous_0)","decl":{"start":{"line":20,"column":20},"end":{"line":20,"column":21}},"loc":{"start":{"line":20,"column":26},"end":{"line":22,"column":1}},"line":20}},"branchMap":{},"s":{"0":1,"1":1,"2":1,"3":1,"4":1,"5":1,"6":1,"7":1,"8":1},"f":{"0":1},"b":{},"_coverageSchema":"1a1c01bbd47fc00a2c39e90264f33305004495a9","hash":"e6ea2a6ebcc41b2c2439a4b5a0525df6c01b5924"}
,"/Users/juliencaucheteux/red2/server/socket.js": {"path":"/Users/juliencaucheteux/red2/server/socket.js","statementMap":{"0":{"start":{"line":7,"column":15},"end":{"line":11,"column":6}},"1":{"start":{"line":13,"column":4},"end":{"line":96,"column":7}},"2":{"start":{"line":14,"column":25},"end":{"line":14,"column":56}},"3":{"start":{"line":15,"column":24},"end":{"line":15,"column":54}},"4":{"start":{"line":16,"column":22},"end":{"line":16,"column":50}},"5":{"start":{"line":18,"column":23},"end":{"line":18,"column":67}},"6":{"start":{"line":19,"column":8},"end":{"line":19,"column":51}},"7":{"start":{"line":21,"column":21},"end":{"line":21,"column":57}},"8":{"start":{"line":22,"column":8},"end":{"line":31,"column":9}},"9":{"start":{"line":23,"column":12},"end":{"line":23,"column":68}},"10":{"start":{"line":24,"column":12},"end":{"line":24,"column":20}},"11":{"start":{"line":25,"column":15},"end":{"line":31,"column":9}},"12":{"start":{"line":26,"column":12},"end":{"line":26,"column":79}},"13":{"start":{"line":27,"column":12},"end":{"line":27,"column":20}},"14":{"start":{"line":28,"column":15},"end":{"line":31,"column":9}},"15":{"start":{"line":29,"column":12},"end":{"line":29,"column":66}},"16":{"start":{"line":30,"column":12},"end":{"line":30,"column":20}},"17":{"start":{"line":33,"column":8},"end":{"line":33,"column":42}},"18":{"start":{"line":34,"column":8},"end":{"line":34,"column":75}},"19":{"start":{"line":36,"column":8},"end":{"line":41,"column":10}},"20":{"start":{"line":37,"column":25},"end":{"line":37,"column":61}},"21":{"start":{"line":38,"column":12},"end":{"line":38,"column":46}},"22":{"start":{"line":38,"column":39},"end":{"line":38,"column":46}},"23":{"start":{"line":39,"column":12},"end":{"line":39,"column":48}},"24":{"start":{"line":39,"column":41},"end":{"line":39,"column":48}},"25":{"start":{"line":40,"column":12},"end":{"line":40,"column":29}},"26":{"start":{"line":43,"column":8},"end":{"line":50,"column":10}},"27":{"start":{"line":44,"column":27},"end":{"line":44,"column":69}},"28":{"start":{"line":45,"column":12},"end":{"line":49,"column":13}},"29":{"start":{"line":46,"column":16},"end":{"line":46,"column":49}},"30":{"start":{"line":46,"column":42},"end":{"line":46,"column":49}},"31":{"start":{"line":47,"column":16},"end":{"line":47,"column":38}},"32":{"start":{"line":48,"column":16},"end":{"line":48,"column":39}},"33":{"start":{"line":52,"column":8},"end":{"line":58,"column":10}},"34":{"start":{"line":53,"column":27},"end":{"line":53,"column":69}},"35":{"start":{"line":54,"column":12},"end":{"line":57,"column":13}},"36":{"start":{"line":55,"column":16},"end":{"line":55,"column":49}},"37":{"start":{"line":55,"column":42},"end":{"line":55,"column":49}},"38":{"start":{"line":56,"column":16},"end":{"line":56,"column":58}},"39":{"start":{"line":60,"column":8},"end":{"line":68,"column":10}},"40":{"start":{"line":61,"column":27},"end":{"line":61,"column":69}},"41":{"start":{"line":62,"column":12},"end":{"line":67,"column":13}},"42":{"start":{"line":63,"column":16},"end":{"line":63,"column":49}},"43":{"start":{"line":63,"column":42},"end":{"line":63,"column":49}},"44":{"start":{"line":64,"column":16},"end":{"line":64,"column":53}},"45":{"start":{"line":65,"column":16},"end":{"line":65,"column":60}},"46":{"start":{"line":66,"column":16},"end":{"line":66,"column":39}},"47":{"start":{"line":70,"column":8},"end":{"line":78,"column":10}},"48":{"start":{"line":71,"column":27},"end":{"line":71,"column":69}},"49":{"start":{"line":72,"column":12},"end":{"line":77,"column":13}},"50":{"start":{"line":73,"column":16},"end":{"line":73,"column":77}},"51":{"start":{"line":73,"column":70},"end":{"line":73,"column":77}},"52":{"start":{"line":74,"column":16},"end":{"line":74,"column":47}},"53":{"start":{"line":75,"column":16},"end":{"line":75,"column":48}},"54":{"start":{"line":76,"column":16},"end":{"line":76,"column":39}},"55":{"start":{"line":80,"column":8},"end":{"line":88,"column":10}},"56":{"start":{"line":81,"column":27},"end":{"line":81,"column":69}},"57":{"start":{"line":82,"column":12},"end":{"line":87,"column":13}},"58":{"start":{"line":83,"column":16},"end":{"line":83,"column":78}},"59":{"start":{"line":83,"column":71},"end":{"line":83,"column":78}},"60":{"start":{"line":84,"column":16},"end":{"line":84,"column":47}},"61":{"start":{"line":85,"column":16},"end":{"line":85,"column":49}},"62":{"start":{"line":86,"column":16},"end":{"line":86,"column":39}},"63":{"start":{"line":90,"column":8},"end":{"line":94,"column":11}},"64":{"start":{"line":91,"column":27},"end":{"line":91,"column":69}},"65":{"start":{"line":92,"column":12},"end":{"line":92,"column":81}},"66":{"start":{"line":93,"column":12},"end":{"line":93,"column":50}},"67":{"start":{"line":98,"column":4},"end":{"line":98,"column":14}}},"fnMap":{"0":{"name":"initSocketServer","decl":{"start":{"line":6,"column":20},"end":{"line":6,"column":36}},"loc":{"start":{"line":6,"column":45},"end":{"line":99,"column":1}},"line":6},"1":{"name":"(anonymous_1)","decl":{"start":{"line":13,"column":24},"end":{"line":13,"column":25}},"loc":{"start":{"line":13,"column":36},"end":{"line":96,"column":5}},"line":13},"2":{"name":"(anonymous_2)","decl":{"start":{"line":36,"column":31},"end":{"line":36,"column":32}},"loc":{"start":{"line":36,"column":37},"end":{"line":41,"column":9}},"line":36},"3":{"name":"(anonymous_3)","decl":{"start":{"line":43,"column":31},"end":{"line":43,"column":32}},"loc":{"start":{"line":43,"column":43},"end":{"line":50,"column":9}},"line":43},"4":{"name":"(anonymous_4)","decl":{"start":{"line":52,"column":33},"end":{"line":52,"column":34}},"loc":{"start":{"line":52,"column":39},"end":{"line":58,"column":9}},"line":52},"5":{"name":"(anonymous_5)","decl":{"start":{"line":60,"column":30},"end":{"line":60,"column":31}},"loc":{"start":{"line":60,"column":36},"end":{"line":68,"column":9}},"line":60},"6":{"name":"(anonymous_6)","decl":{"start":{"line":70,"column":37},"end":{"line":70,"column":38}},"loc":{"start":{"line":70,"column":43},"end":{"line":78,"column":9}},"line":70},"7":{"name":"(anonymous_7)","decl":{"start":{"line":80,"column":36},"end":{"line":80,"column":37}},"loc":{"start":{"line":80,"column":42},"end":{"line":88,"column":9}},"line":80},"8":{"name":"(anonymous_8)","decl":{"start":{"line":90,"column":32},"end":{"line":90,"column":33}},"loc":{"start":{"line":90,"column":38},"end":{"line":94,"column":9}},"line":90}},"branchMap":{"0":{"loc":{"start":{"line":22,"column":8},"end":{"line":31,"column":9}},"type":"if","locations":[{"start":{"line":22,"column":8},"end":{"line":31,"column":9}},{"start":{"line":25,"column":15},"end":{"line":31,"column":9}}],"line":22},"1":{"loc":{"start":{"line":25,"column":15},"end":{"line":31,"column":9}},"type":"if","locations":[{"start":{"line":25,"column":15},"end":{"line":31,"column":9}},{"start":{"line":28,"column":15},"end":{"line":31,"column":9}}],"line":25},"2":{"loc":{"start":{"line":28,"column":15},"end":{"line":31,"column":9}},"type":"if","locations":[{"start":{"line":28,"column":15},"end":{"line":31,"column":9}},{"start":{},"end":{}}],"line":28},"3":{"loc":{"start":{"line":38,"column":12},"end":{"line":38,"column":46}},"type":"if","locations":[{"start":{"line":38,"column":12},"end":{"line":38,"column":46}},{"start":{},"end":{}}],"line":38},"4":{"loc":{"start":{"line":38,"column":16},"end":{"line":38,"column":37}},"type":"binary-expr","locations":[{"start":{"line":38,"column":16},"end":{"line":38,"column":21}},{"start":{"line":38,"column":25},"end":{"line":38,"column":37}}],"line":38},"5":{"loc":{"start":{"line":39,"column":12},"end":{"line":39,"column":48}},"type":"if","locations":[{"start":{"line":39,"column":12},"end":{"line":39,"column":48}},{"start":{},"end":{}}],"line":39},"6":{"loc":{"start":{"line":45,"column":12},"end":{"line":49,"column":13}},"type":"if","locations":[{"start":{"line":45,"column":12},"end":{"line":49,"column":13}},{"start":{},"end":{}}],"line":45},"7":{"loc":{"start":{"line":46,"column":16},"end":{"line":46,"column":49}},"type":"if","locations":[{"start":{"line":46,"column":16},"end":{"line":46,"column":49}},{"start":{},"end":{}}],"line":46},"8":{"loc":{"start":{"line":54,"column":12},"end":{"line":57,"column":13}},"type":"if","locations":[{"start":{"line":54,"column":12},"end":{"line":57,"column":13}},{"start":{},"end":{}}],"line":54},"9":{"loc":{"start":{"line":55,"column":16},"end":{"line":55,"column":49}},"type":"if","locations":[{"start":{"line":55,"column":16},"end":{"line":55,"column":49}},{"start":{},"end":{}}],"line":55},"10":{"loc":{"start":{"line":56,"column":16},"end":{"line":56,"column":57}},"type":"binary-expr","locations":[{"start":{"line":56,"column":16},"end":{"line":56,"column":31}},{"start":{"line":56,"column":35},"end":{"line":56,"column":57}}],"line":56},"11":{"loc":{"start":{"line":62,"column":12},"end":{"line":67,"column":13}},"type":"if","locations":[{"start":{"line":62,"column":12},"end":{"line":67,"column":13}},{"start":{},"end":{}}],"line":62},"12":{"loc":{"start":{"line":63,"column":16},"end":{"line":63,"column":49}},"type":"if","locations":[{"start":{"line":63,"column":16},"end":{"line":63,"column":49}},{"start":{},"end":{}}],"line":63},"13":{"loc":{"start":{"line":65,"column":16},"end":{"line":65,"column":59}},"type":"binary-expr","locations":[{"start":{"line":65,"column":16},"end":{"line":65,"column":33}},{"start":{"line":65,"column":37},"end":{"line":65,"column":59}}],"line":65},"14":{"loc":{"start":{"line":72,"column":12},"end":{"line":77,"column":13}},"type":"if","locations":[{"start":{"line":72,"column":12},"end":{"line":77,"column":13}},{"start":{},"end":{}}],"line":72},"15":{"loc":{"start":{"line":73,"column":16},"end":{"line":73,"column":77}},"type":"if","locations":[{"start":{"line":73,"column":16},"end":{"line":73,"column":77}},{"start":{},"end":{}}],"line":73},"16":{"loc":{"start":{"line":73,"column":20},"end":{"line":73,"column":68}},"type":"binary-expr","locations":[{"start":{"line":73,"column":20},"end":{"line":73,"column":40}},{"start":{"line":73,"column":44},"end":{"line":73,"column":68}}],"line":73},"17":{"loc":{"start":{"line":82,"column":12},"end":{"line":87,"column":13}},"type":"if","locations":[{"start":{"line":82,"column":12},"end":{"line":87,"column":13}},{"start":{},"end":{}}],"line":82},"18":{"loc":{"start":{"line":83,"column":16},"end":{"line":83,"column":78}},"type":"if","locations":[{"start":{"line":83,"column":16},"end":{"line":83,"column":78}},{"start":{},"end":{}}],"line":83},"19":{"loc":{"start":{"line":83,"column":20},"end":{"line":83,"column":69}},"type":"binary-expr","locations":[{"start":{"line":83,"column":20},"end":{"line":83,"column":40}},{"start":{"line":83,"column":44},"end":{"line":83,"column":69}}],"line":83},"20":{"loc":{"start":{"line":92,"column":12},"end":{"line":92,"column":80}},"type":"binary-expr","locations":[{"start":{"line":92,"column":12},"end":{"line":92,"column":18}},{"start":{"line":92,"column":22},"end":{"line":92,"column":80}}],"line":92}},"s":{"0":1,"1":1,"2":0,"3":0,"4":0,"5":0,"6":0,"7":0,"8":0,"9":0,"10":0,"11":0,"12":0,"13":0,"14":0,"15":0,"16":0,"17":0,"18":0,"19":0,"20":0,"21":0,"22":0,"23":0,"24":0,"25":0,"26":0,"27":0,"28":0,"29":0,"30":0,"31":0,"32":0,"33":0,"34":0,"35":0,"36":0,"37":0,"38":0,"39":0,"40":0,"41":0,"42":0,"43":0,"44":0,"45":0,"46":0,"47":0,"48":0,"49":0,"50":0,"51":0,"52":0,"53":0,"54":0,"55":0,"56":0,"57":0,"58":0,"59":0,"60":0,"61":0,"62":0,"63":0,"64":0,"65":0,"66":0,"67":1},"f":{"0":1,"1":0,"2":0,"3":0,"4":0,"5":0,"6":0,"7":0,"8":0},"b":{"0":[0,0],"1":[0,0],"2":[0,0],"3":[0,0],"4":[0,0],"5":[0,0],"6":[0,0],"7":[0,0],"8":[0,0],"9":[0,0],"10":[0,0],"11":[0,0],"12":[0,0],"13":[0,0],"14":[0,0],"15":[0,0],"16":[0,0],"17":[0,0],"18":[0,0],"19":[0,0],"20":[0,0]},"_coverageSchema":"1a1c01bbd47fc00a2c39e90264f33305004495a9","hash":"946847ce762bf44da37a1cd08d56ee1cbc768cef"}
,"/Users/juliencaucheteux/red2/server/utils.js": {"path":"/Users/juliencaucheteux/red2/server/utils.js","statementMap":{"0":{"start":{"line":2,"column":17},"end":{"line":2,"column":54}},"1":{"start":{"line":4,"column":1},"end":{"line":6,"column":13}},"2":{"start":{"line":5,"column":2},"end":{"line":5,"column":45}}},"fnMap":{"0":{"name":"uid","decl":{"start":{"line":1,"column":16},"end":{"line":1,"column":19}},"loc":{"start":{"line":1,"column":22},"end":{"line":7,"column":1}},"line":1},"1":{"name":"(anonymous_1)","decl":{"start":{"line":4,"column":29},"end":{"line":4,"column":30}},"loc":{"start":{"line":5,"column":2},"end":{"line":5,"column":45}},"line":5}},"branchMap":{},"s":{"0":0,"1":0,"2":0},"f":{"0":0,"1":0},"b":{},"_coverageSchema":"1a1c01bbd47fc00a2c39e90264f33305004495a9","hash":"b836eb143a63b9cf37cdbceeef47a284c56e4149"}
,"/Users/juliencaucheteux/red2/server/controllers/GameController.js": {"path":"/Users/juliencaucheteux/red2/server/controllers/GameController.js","statementMap":{"0":{"start":{"line":3,"column":27},"end":{"line":5,"column":1}},"1":{"start":{"line":4,"column":4},"end":{"line":4,"column":46}},"2":{"start":{"line":7,"column":24},"end":{"line":18,"column":1}},"3":{"start":{"line":8,"column":23},"end":{"line":8,"column":31}},"4":{"start":{"line":9,"column":17},"end":{"line":9,"column":52}},"5":{"start":{"line":11,"column":4},"end":{"line":17,"column":5}},"6":{"start":{"line":12,"column":8},"end":{"line":12,"column":84}},"7":{"start":{"line":13,"column":11},"end":{"line":17,"column":5}},"8":{"start":{"line":14,"column":8},"end":{"line":14,"column":95}},"9":{"start":{"line":16,"column":8},"end":{"line":16,"column":63}},"10":{"start":{"line":20,"column":26},"end":{"line":25,"column":1}},"11":{"start":{"line":21,"column":22},"end":{"line":21,"column":36}},"12":{"start":{"line":22,"column":27},"end":{"line":22,"column":46}},"13":{"start":{"line":23,"column":19},"end":{"line":23,"column":75}},"14":{"start":{"line":24,"column":4},"end":{"line":24,"column":25}},"15":{"start":{"line":27,"column":26},"end":{"line":53,"column":1}},"16":{"start":{"line":28,"column":19},"end":{"line":28,"column":29}},"17":{"start":{"line":29,"column":4},"end":{"line":52,"column":5}},"18":{"start":{"line":30,"column":21},"end":{"line":30,"column":47}},"19":{"start":{"line":31,"column":8},"end":{"line":34,"column":11}},"20":{"start":{"line":35,"column":8},"end":{"line":35,"column":46}},"21":{"start":{"line":37,"column":21},"end":{"line":37,"column":52}},"22":{"start":{"line":38,"column":8},"end":{"line":41,"column":9}},"23":{"start":{"line":39,"column":12},"end":{"line":39,"column":65}},"24":{"start":{"line":40,"column":12},"end":{"line":40,"column":19}},"25":{"start":{"line":42,"column":8},"end":{"line":51,"column":12}},"26":{"start":{"line":45,"column":63},"end":{"line":49,"column":13}}},"fnMap":{"0":{"name":"(anonymous_0)","decl":{"start":{"line":3,"column":27},"end":{"line":3,"column":28}},"loc":{"start":{"line":3,"column":41},"end":{"line":5,"column":1}},"line":3},"1":{"name":"(anonymous_1)","decl":{"start":{"line":7,"column":24},"end":{"line":7,"column":25}},"loc":{"start":{"line":7,"column":38},"end":{"line":18,"column":1}},"line":7},"2":{"name":"(anonymous_2)","decl":{"start":{"line":20,"column":26},"end":{"line":20,"column":27}},"loc":{"start":{"line":20,"column":40},"end":{"line":25,"column":1}},"line":20},"3":{"name":"(anonymous_3)","decl":{"start":{"line":27,"column":26},"end":{"line":27,"column":27}},"loc":{"start":{"line":27,"column":40},"end":{"line":53,"column":1}},"line":27},"4":{"name":"(anonymous_4)","decl":{"start":{"line":45,"column":52},"end":{"line":45,"column":53}},"loc":{"start":{"line":45,"column":63},"end":{"line":49,"column":13}},"line":45}},"branchMap":{"0":{"loc":{"start":{"line":11,"column":4},"end":{"line":17,"column":5}},"type":"if","locations":[{"start":{"line":11,"column":4},"end":{"line":17,"column":5}},{"start":{"line":13,"column":11},"end":{"line":17,"column":5}}],"line":11},"1":{"loc":{"start":{"line":13,"column":11},"end":{"line":17,"column":5}},"type":"if","locations":[{"start":{"line":13,"column":11},"end":{"line":17,"column":5}},{"start":{"line":15,"column":11},"end":{"line":17,"column":5}}],"line":13},"2":{"loc":{"start":{"line":29,"column":4},"end":{"line":52,"column":5}},"type":"if","locations":[{"start":{"line":29,"column":4},"end":{"line":52,"column":5}},{"start":{"line":36,"column":11},"end":{"line":52,"column":5}}],"line":29},"3":{"loc":{"start":{"line":38,"column":8},"end":{"line":41,"column":9}},"type":"if","locations":[{"start":{"line":38,"column":8},"end":{"line":41,"column":9}},{"start":{},"end":{}}],"line":38}},"s":{"0":1,"1":0,"2":1,"3":0,"4":0,"5":0,"6":0,"7":0,"8":0,"9":0,"10":1,"11":0,"12":0,"13":0,"14":0,"15":1,"16":0,"17":0,"18":0,"19":0,"20":0,"21":0,"22":0,"23":0,"24":0,"25":0,"26":0},"f":{"0":0,"1":0,"2":0,"3":0,"4":0},"b":{"0":[0,0],"1":[0,0],"2":[0,0],"3":[0,0]},"_coverageSchema":"1a1c01bbd47fc00a2c39e90264f33305004495a9","hash":"6e85a303f7e6bbafc287ef2b96019fd0b73c6d90"}
,"/Users/juliencaucheteux/red2/server/controllers/ScoreController.js": {"path":"/Users/juliencaucheteux/red2/server/controllers/ScoreController.js","statementMap":{"0":{"start":{"line":3,"column":29},"end":{"line":5,"column":1}},"1":{"start":{"line":4,"column":4},"end":{"line":4,"column":39}}},"fnMap":{"0":{"name":"(anonymous_0)","decl":{"start":{"line":3,"column":29},"end":{"line":3,"column":30}},"loc":{"start":{"line":3,"column":43},"end":{"line":5,"column":1}},"line":3}},"branchMap":{},"s":{"0":1,"1":0},"f":{"0":0},"b":{},"_coverageSchema":"1a1c01bbd47fc00a2c39e90264f33305004495a9","hash":"9476405b7ac45c00a8e37109feea57c7a684d32b"}
,"/Users/juliencaucheteux/red2/server/models/GameManager.js": {"path":"/Users/juliencaucheteux/red2/server/models/GameManager.js","statementMap":{"0":{"start":{"line":7,"column":8},"end":{"line":7,"column":31}},"1":{"start":{"line":8,"column":8},"end":{"line":8,"column":40}},"2":{"start":{"line":9,"column":8},"end":{"line":9,"column":33}},"3":{"start":{"line":23,"column":21},"end":{"line":23,"column":43}},"4":{"start":{"line":24,"column":8},"end":{"line":24,"column":32}},"5":{"start":{"line":24,"column":19},"end":{"line":24,"column":32}},"6":{"start":{"line":25,"column":23},"end":{"line":25,"column":68}},"7":{"start":{"line":26,"column":8},"end":{"line":26,"column":31}},"8":{"start":{"line":30,"column":21},"end":{"line":30,"column":49}},"9":{"start":{"line":31,"column":8},"end":{"line":31,"column":27}},"10":{"start":{"line":31,"column":19},"end":{"line":31,"column":27}},"11":{"start":{"line":32,"column":8},"end":{"line":35,"column":9}},"12":{"start":{"line":33,"column":12},"end":{"line":33,"column":40}},"13":{"start":{"line":34,"column":12},"end":{"line":34,"column":20}},"14":{"start":{"line":36,"column":8},"end":{"line":36,"column":55}},"15":{"start":{"line":40,"column":17},"end":{"line":40,"column":22}},"16":{"start":{"line":41,"column":8},"end":{"line":42,"column":23}},"17":{"start":{"line":42,"column":12},"end":{"line":42,"column":23}},"18":{"start":{"line":43,"column":8},"end":{"line":43,"column":18}},"19":{"start":{"line":47,"column":20},"end":{"line":47,"column":36}},"20":{"start":{"line":48,"column":8},"end":{"line":48,"column":60}},"21":{"start":{"line":49,"column":8},"end":{"line":49,"column":19}},"22":{"start":{"line":53,"column":21},"end":{"line":53,"column":48}},"23":{"start":{"line":54,"column":8},"end":{"line":54,"column":31}},"24":{"start":{"line":54,"column":19},"end":{"line":54,"column":31}},"25":{"start":{"line":55,"column":21},"end":{"line":55,"column":62}},"26":{"start":{"line":56,"column":8},"end":{"line":56,"column":33}},"27":{"start":{"line":57,"column":8},"end":{"line":57,"column":20}},"28":{"start":{"line":60,"column":36},"end":{"line":60,"column":70}},"29":{"start":{"line":61,"column":30},"end":{"line":61,"column":60}},"30":{"start":{"line":64,"column":20},"end":{"line":64,"column":22}},"31":{"start":{"line":65,"column":8},"end":{"line":68,"column":9}},"32":{"start":{"line":66,"column":12},"end":{"line":67,"column":140}},"33":{"start":{"line":67,"column":16},"end":{"line":67,"column":140}},"34":{"start":{"line":69,"column":8},"end":{"line":69,"column":19}},"35":{"start":{"line":73,"column":27},"end":{"line":73,"column":44}}},"fnMap":{"0":{"name":"(anonymous_0)","decl":{"start":{"line":6,"column":4},"end":{"line":6,"column":5}},"loc":{"start":{"line":6,"column":18},"end":{"line":20,"column":5}},"line":6},"1":{"name":"(anonymous_1)","decl":{"start":{"line":22,"column":4},"end":{"line":22,"column":5}},"loc":{"start":{"line":22,"column":34},"end":{"line":27,"column":5}},"line":22},"2":{"name":"(anonymous_2)","decl":{"start":{"line":29,"column":4},"end":{"line":29,"column":5}},"loc":{"start":{"line":29,"column":43},"end":{"line":37,"column":5}},"line":29},"3":{"name":"(anonymous_3)","decl":{"start":{"line":39,"column":4},"end":{"line":39,"column":5}},"loc":{"start":{"line":39,"column":16},"end":{"line":44,"column":5}},"line":39},"4":{"name":"(anonymous_4)","decl":{"start":{"line":46,"column":4},"end":{"line":46,"column":5}},"loc":{"start":{"line":46,"column":41},"end":{"line":50,"column":5}},"line":46},"5":{"name":"(anonymous_5)","decl":{"start":{"line":52,"column":4},"end":{"line":52,"column":5}},"loc":{"start":{"line":52,"column":19},"end":{"line":58,"column":5}},"line":52},"6":{"name":"(anonymous_6)","decl":{"start":{"line":60,"column":4},"end":{"line":60,"column":5}},"loc":{"start":{"line":60,"column":34},"end":{"line":60,"column":72}},"line":60},"7":{"name":"(anonymous_7)","decl":{"start":{"line":61,"column":4},"end":{"line":61,"column":5}},"loc":{"start":{"line":61,"column":28},"end":{"line":61,"column":61}},"line":61},"8":{"name":"(anonymous_8)","decl":{"start":{"line":63,"column":4},"end":{"line":63,"column":5}},"loc":{"start":{"line":63,"column":24},"end":{"line":70,"column":5}},"line":63}},"branchMap":{"0":{"loc":{"start":{"line":24,"column":8},"end":{"line":24,"column":32}},"type":"if","locations":[{"start":{"line":24,"column":8},"end":{"line":24,"column":32}},{"start":{},"end":{}}],"line":24},"1":{"loc":{"start":{"line":31,"column":8},"end":{"line":31,"column":27}},"type":"if","locations":[{"start":{"line":31,"column":8},"end":{"line":31,"column":27}},{"start":{},"end":{}}],"line":31},"2":{"loc":{"start":{"line":32,"column":8},"end":{"line":35,"column":9}},"type":"if","locations":[{"start":{"line":32,"column":8},"end":{"line":35,"column":9}},{"start":{},"end":{}}],"line":32},"3":{"loc":{"start":{"line":41,"column":15},"end":{"line":41,"column":64}},"type":"binary-expr","locations":[{"start":{"line":41,"column":15},"end":{"line":41,"column":33}},{"start":{"line":41,"column":37},"end":{"line":41,"column":64}}],"line":41},"4":{"loc":{"start":{"line":54,"column":8},"end":{"line":54,"column":31}},"type":"if","locations":[{"start":{"line":54,"column":8},"end":{"line":54,"column":31}},{"start":{},"end":{}}],"line":54},"5":{"loc":{"start":{"line":66,"column":12},"end":{"line":67,"column":140}},"type":"if","locations":[{"start":{"line":66,"column":12},"end":{"line":67,"column":140}},{"start":{},"end":{}}],"line":66},"6":{"loc":{"start":{"line":66,"column":16},"end":{"line":66,"column":61}},"type":"binary-expr","locations":[{"start":{"line":66,"column":16},"end":{"line":66,"column":29}},{"start":{"line":66,"column":33},"end":{"line":66,"column":61}}],"line":66}},"s":{"0":1,"1":1,"2":1,"3":0,"4":0,"5":0,"6":0,"7":0,"8":0,"9":0,"10":0,"11":0,"12":0,"13":0,"14":0,"15":0,"16":0,"17":0,"18":0,"19":0,"20":0,"21":0,"22":0,"23":0,"24":0,"25":0,"26":0,"27":0,"28":0,"29":0,"30":0,"31":0,"32":0,"33":0,"34":0,"35":1},"f":{"0":1,"1":0,"2":0,"3":0,"4":0,"5":0,"6":0,"7":0,"8":0},"b":{"0":[0,0],"1":[0,0],"2":[0,0],"3":[0,0],"4":[0,0],"5":[0,0],"6":[0,0]},"_coverageSchema":"1a1c01bbd47fc00a2c39e90264f33305004495a9","hash":"cd95efd33d024aaf13f226a33505982072c85661"}
,"/Users/juliencaucheteux/red2/server/models/Player.js": {"path":"/Users/juliencaucheteux/red2/server/models/Player.js","statementMap":{"0":{"start":{"line":7,"column":8},"end":{"line":7,"column":29}},"1":{"start":{"line":8,"column":8},"end":{"line":8,"column":25}},"2":{"start":{"line":9,"column":8},"end":{"line":9,"column":27}},"3":{"start":{"line":10,"column":8},"end":{"line":10,"column":23}},"4":{"start":{"line":11,"column":8},"end":{"line":11,"column":25}},"5":{"start":{"line":12,"column":8},"end":{"line":12,"column":29}},"6":{"start":{"line":13,"column":8},"end":{"line":13,"column":25}},"7":{"start":{"line":14,"column":8},"end":{"line":14,"column":29}},"8":{"start":{"line":17,"column":25},"end":{"line":17,"column":56}},"9":{"start":{"line":20,"column":8},"end":{"line":23,"column":11}},"10":{"start":{"line":27,"column":8},"end":{"line":28,"column":29}},"11":{"start":{"line":28,"column":12},"end":{"line":28,"column":29}},"12":{"start":{"line":29,"column":8},"end":{"line":29,"column":44}},"13":{"start":{"line":30,"column":8},"end":{"line":31,"column":19}},"14":{"start":{"line":31,"column":12},"end":{"line":31,"column":19}},"15":{"start":{"line":32,"column":8},"end":{"line":42,"column":35}},"16":{"start":{"line":33,"column":12},"end":{"line":36,"column":13}},"17":{"start":{"line":34,"column":16},"end":{"line":34,"column":52}},"18":{"start":{"line":35,"column":16},"end":{"line":35,"column":23}},"19":{"start":{"line":38,"column":29},"end":{"line":38,"column":33}},"20":{"start":{"line":39,"column":12},"end":{"line":40,"column":49}},"21":{"start":{"line":40,"column":16},"end":{"line":40,"column":49}},"22":{"start":{"line":41,"column":12},"end":{"line":41,"column":47}},"23":{"start":{"line":46,"column":8},"end":{"line":46,"column":45}},"24":{"start":{"line":46,"column":32},"end":{"line":46,"column":45}},"25":{"start":{"line":48,"column":29},"end":{"line":48,"column":49}},"26":{"start":{"line":49,"column":26},"end":{"line":49,"column":80}},"27":{"start":{"line":51,"column":8},"end":{"line":59,"column":9}},"28":{"start":{"line":52,"column":12},"end":{"line":52,"column":45}},"29":{"start":{"line":53,"column":12},"end":{"line":53,"column":39}},"30":{"start":{"line":54,"column":12},"end":{"line":57,"column":15}},"31":{"start":{"line":55,"column":16},"end":{"line":55,"column":34}},"32":{"start":{"line":55,"column":27},"end":{"line":55,"column":34}},"33":{"start":{"line":56,"column":16},"end":{"line":56,"column":68}},"34":{"start":{"line":58,"column":12},"end":{"line":58,"column":24}},"35":{"start":{"line":60,"column":8},"end":{"line":60,"column":21}},"36":{"start":{"line":64,"column":8},"end":{"line":64,"column":45}},"37":{"start":{"line":64,"column":32},"end":{"line":64,"column":45}},"38":{"start":{"line":66,"column":29},"end":{"line":66,"column":49}},"39":{"start":{"line":67,"column":26},"end":{"line":67,"column":94}},"40":{"start":{"line":69,"column":8},"end":{"line":77,"column":9}},"41":{"start":{"line":70,"column":12},"end":{"line":70,"column":45}},"42":{"start":{"line":71,"column":12},"end":{"line":71,"column":54}},"43":{"start":{"line":72,"column":12},"end":{"line":75,"column":15}},"44":{"start":{"line":73,"column":16},"end":{"line":73,"column":34}},"45":{"start":{"line":73,"column":27},"end":{"line":73,"column":34}},"46":{"start":{"line":74,"column":16},"end":{"line":74,"column":68}},"47":{"start":{"line":76,"column":12},"end":{"line":76,"column":24}},"48":{"start":{"line":78,"column":8},"end":{"line":78,"column":21}},"49":{"start":{"line":82,"column":8},"end":{"line":82,"column":45}},"50":{"start":{"line":82,"column":32},"end":{"line":82,"column":45}},"51":{"start":{"line":84,"column":8},"end":{"line":84,"column":76}},"52":{"start":{"line":84,"column":64},"end":{"line":84,"column":76}},"53":{"start":{"line":86,"column":29},"end":{"line":86,"column":49}},"54":{"start":{"line":87,"column":31},"end":{"line":87,"column":82}},"55":{"start":{"line":89,"column":8},"end":{"line":97,"column":9}},"56":{"start":{"line":90,"column":12},"end":{"line":90,"column":45}},"57":{"start":{"line":91,"column":12},"end":{"line":91,"column":84}},"58":{"start":{"line":92,"column":12},"end":{"line":95,"column":15}},"59":{"start":{"line":93,"column":16},"end":{"line":93,"column":34}},"60":{"start":{"line":93,"column":27},"end":{"line":93,"column":34}},"61":{"start":{"line":94,"column":16},"end":{"line":94,"column":68}},"62":{"start":{"line":96,"column":12},"end":{"line":96,"column":24}},"63":{"start":{"line":99,"column":28},"end":{"line":99,"column":38}},"64":{"start":{"line":100,"column":8},"end":{"line":114,"column":9}},"65":{"start":{"line":100,"column":21},"end":{"line":100,"column":22}},"66":{"start":{"line":101,"column":32},"end":{"line":101,"column":52}},"67":{"start":{"line":102,"column":12},"end":{"line":102,"column":91}},"68":{"start":{"line":104,"column":12},"end":{"line":113,"column":13}},"69":{"start":{"line":105,"column":16},"end":{"line":105,"column":49}},"70":{"start":{"line":106,"column":16},"end":{"line":106,"column":55}},"71":{"start":{"line":107,"column":16},"end":{"line":107,"column":88}},"72":{"start":{"line":108,"column":16},"end":{"line":111,"column":19}},"73":{"start":{"line":109,"column":20},"end":{"line":109,"column":38}},"74":{"start":{"line":109,"column":31},"end":{"line":109,"column":38}},"75":{"start":{"line":110,"column":20},"end":{"line":110,"column":72}},"76":{"start":{"line":112,"column":16},"end":{"line":112,"column":28}},"77":{"start":{"line":116,"column":8},"end":{"line":116,"column":21}},"78":{"start":{"line":120,"column":8},"end":{"line":120,"column":44}},"79":{"start":{"line":121,"column":8},"end":{"line":124,"column":11}},"80":{"start":{"line":128,"column":8},"end":{"line":128,"column":45}},"81":{"start":{"line":128,"column":32},"end":{"line":128,"column":45}},"82":{"start":{"line":130,"column":8},"end":{"line":130,"column":29}},"83":{"start":{"line":131,"column":23},"end":{"line":131,"column":48}},"84":{"start":{"line":132,"column":8},"end":{"line":139,"column":9}},"85":{"start":{"line":133,"column":12},"end":{"line":133,"column":33}},"86":{"start":{"line":134,"column":12},"end":{"line":134,"column":46}},"87":{"start":{"line":135,"column":12},"end":{"line":135,"column":36}},"88":{"start":{"line":136,"column":12},"end":{"line":136,"column":73}},"89":{"start":{"line":137,"column":12},"end":{"line":137,"column":55}},"90":{"start":{"line":138,"column":12},"end":{"line":138,"column":25}},"91":{"start":{"line":140,"column":8},"end":{"line":140,"column":32}},"92":{"start":{"line":141,"column":8},"end":{"line":147,"column":9}},"93":{"start":{"line":142,"column":12},"end":{"line":142,"column":33}},"94":{"start":{"line":143,"column":12},"end":{"line":143,"column":60}},"95":{"start":{"line":144,"column":12},"end":{"line":144,"column":40}},"96":{"start":{"line":145,"column":12},"end":{"line":145,"column":37}},"97":{"start":{"line":146,"column":12},"end":{"line":146,"column":25}},"98":{"start":{"line":148,"column":8},"end":{"line":148,"column":20}},"99":{"start":{"line":152,"column":8},"end":{"line":152,"column":45}},"100":{"start":{"line":152,"column":32},"end":{"line":152,"column":45}},"101":{"start":{"line":154,"column":8},"end":{"line":154,"column":32}},"102":{"start":{"line":155,"column":8},"end":{"line":155,"column":35}}},"fnMap":{"0":{"name":"(anonymous_0)","decl":{"start":{"line":6,"column":4},"end":{"line":6,"column":5}},"loc":{"start":{"line":6,"column":45},"end":{"line":15,"column":5}},"line":6},"1":{"name":"(anonymous_1)","decl":{"start":{"line":17,"column":4},"end":{"line":17,"column":5}},"loc":{"start":{"line":17,"column":23},"end":{"line":17,"column":58}},"line":17},"2":{"name":"(anonymous_2)","decl":{"start":{"line":19,"column":4},"end":{"line":19,"column":5}},"loc":{"start":{"line":19,"column":20},"end":{"line":24,"column":5}},"line":19},"3":{"name":"(anonymous_3)","decl":{"start":{"line":26,"column":4},"end":{"line":26,"column":5}},"loc":{"start":{"line":26,"column":29},"end":{"line":43,"column":5}},"line":26},"4":{"name":"(anonymous_4)","decl":{"start":{"line":32,"column":43},"end":{"line":32,"column":44}},"loc":{"start":{"line":32,"column":49},"end":{"line":42,"column":9}},"line":32},"5":{"name":"(anonymous_5)","decl":{"start":{"line":45,"column":4},"end":{"line":45,"column":5}},"loc":{"start":{"line":45,"column":15},"end":{"line":61,"column":5}},"line":45},"6":{"name":"(anonymous_6)","decl":{"start":{"line":54,"column":30},"end":{"line":54,"column":31}},"loc":{"start":{"line":54,"column":42},"end":{"line":57,"column":13}},"line":54},"7":{"name":"(anonymous_7)","decl":{"start":{"line":63,"column":4},"end":{"line":63,"column":5}},"loc":{"start":{"line":63,"column":19},"end":{"line":79,"column":5}},"line":63},"8":{"name":"(anonymous_8)","decl":{"start":{"line":72,"column":30},"end":{"line":72,"column":31}},"loc":{"start":{"line":72,"column":42},"end":{"line":75,"column":13}},"line":72},"9":{"name":"(anonymous_9)","decl":{"start":{"line":81,"column":4},"end":{"line":81,"column":5}},"loc":{"start":{"line":81,"column":13},"end":{"line":117,"column":5}},"line":81},"10":{"name":"(anonymous_10)","decl":{"start":{"line":92,"column":37},"end":{"line":92,"column":38}},"loc":{"start":{"line":92,"column":49},"end":{"line":95,"column":13}},"line":92},"11":{"name":"(anonymous_11)","decl":{"start":{"line":108,"column":41},"end":{"line":108,"column":42}},"loc":{"start":{"line":108,"column":53},"end":{"line":111,"column":17}},"line":108},"12":{"name":"(anonymous_12)","decl":{"start":{"line":119,"column":4},"end":{"line":119,"column":5}},"loc":{"start":{"line":119,"column":25},"end":{"line":125,"column":5}},"line":119},"13":{"name":"(anonymous_13)","decl":{"start":{"line":127,"column":4},"end":{"line":127,"column":5}},"loc":{"start":{"line":127,"column":19},"end":{"line":149,"column":5}},"line":127},"14":{"name":"(anonymous_14)","decl":{"start":{"line":151,"column":4},"end":{"line":151,"column":5}},"loc":{"start":{"line":151,"column":15},"end":{"line":156,"column":5}},"line":151}},"branchMap":{"0":{"loc":{"start":{"line":20,"column":8},"end":{"line":23,"column":10}},"type":"binary-expr","locations":[{"start":{"line":20,"column":8},"end":{"line":20,"column":17}},{"start":{"line":20,"column":21},"end":{"line":23,"column":10}}],"line":20},"1":{"loc":{"start":{"line":26,"column":18},"end":{"line":26,"column":27}},"type":"default-arg","locations":[{"start":{"line":26,"column":23},"end":{"line":26,"column":27}}],"line":26},"2":{"loc":{"start":{"line":27,"column":8},"end":{"line":28,"column":29}},"type":"if","locations":[{"start":{"line":27,"column":8},"end":{"line":28,"column":29}},{"start":{},"end":{}}],"line":27},"3":{"loc":{"start":{"line":30,"column":8},"end":{"line":31,"column":19}},"type":"if","locations":[{"start":{"line":30,"column":8},"end":{"line":31,"column":19}},{"start":{},"end":{}}],"line":30},"4":{"loc":{"start":{"line":33,"column":12},"end":{"line":36,"column":13}},"type":"if","locations":[{"start":{"line":33,"column":12},"end":{"line":36,"column":13}},{"start":{},"end":{}}],"line":33},"5":{"loc":{"start":{"line":33,"column":16},"end":{"line":33,"column":56}},"type":"binary-expr","locations":[{"start":{"line":33,"column":16},"end":{"line":33,"column":34}},{"start":{"line":33,"column":38},"end":{"line":33,"column":56}}],"line":33},"6":{"loc":{"start":{"line":39,"column":12},"end":{"line":40,"column":49}},"type":"if","locations":[{"start":{"line":39,"column":12},"end":{"line":40,"column":49}},{"start":{},"end":{}}],"line":39},"7":{"loc":{"start":{"line":41,"column":12},"end":{"line":41,"column":46}},"type":"binary-expr","locations":[{"start":{"line":41,"column":12},"end":{"line":41,"column":22}},{"start":{"line":41,"column":26},"end":{"line":41,"column":46}}],"line":41},"8":{"loc":{"start":{"line":46,"column":8},"end":{"line":46,"column":45}},"type":"if","locations":[{"start":{"line":46,"column":8},"end":{"line":46,"column":45}},{"start":{},"end":{}}],"line":46},"9":{"loc":{"start":{"line":51,"column":8},"end":{"line":59,"column":9}},"type":"if","locations":[{"start":{"line":51,"column":8},"end":{"line":59,"column":9}},{"start":{},"end":{}}],"line":51},"10":{"loc":{"start":{"line":55,"column":16},"end":{"line":55,"column":34}},"type":"if","locations":[{"start":{"line":55,"column":16},"end":{"line":55,"column":34}},{"start":{},"end":{}}],"line":55},"11":{"loc":{"start":{"line":64,"column":8},"end":{"line":64,"column":45}},"type":"if","locations":[{"start":{"line":64,"column":8},"end":{"line":64,"column":45}},{"start":{},"end":{}}],"line":64},"12":{"loc":{"start":{"line":67,"column":79},"end":{"line":67,"column":92}},"type":"cond-expr","locations":[{"start":{"line":67,"column":86},"end":{"line":67,"column":88}},{"start":{"line":67,"column":91},"end":{"line":67,"column":92}}],"line":67},"13":{"loc":{"start":{"line":69,"column":8},"end":{"line":77,"column":9}},"type":"if","locations":[{"start":{"line":69,"column":8},"end":{"line":77,"column":9}},{"start":{},"end":{}}],"line":69},"14":{"loc":{"start":{"line":71,"column":40},"end":{"line":71,"column":53}},"type":"cond-expr","locations":[{"start":{"line":71,"column":47},"end":{"line":71,"column":49}},{"start":{"line":71,"column":52},"end":{"line":71,"column":53}}],"line":71},"15":{"loc":{"start":{"line":73,"column":16},"end":{"line":73,"column":34}},"type":"if","locations":[{"start":{"line":73,"column":16},"end":{"line":73,"column":34}},{"start":{},"end":{}}],"line":73},"16":{"loc":{"start":{"line":82,"column":8},"end":{"line":82,"column":45}},"type":"if","locations":[{"start":{"line":82,"column":8},"end":{"line":82,"column":45}},{"start":{},"end":{}}],"line":82},"17":{"loc":{"start":{"line":84,"column":8},"end":{"line":84,"column":76}},"type":"if","locations":[{"start":{"line":84,"column":8},"end":{"line":84,"column":76}},{"start":{},"end":{}}],"line":84},"18":{"loc":{"start":{"line":89,"column":8},"end":{"line":97,"column":9}},"type":"if","locations":[{"start":{"line":89,"column":8},"end":{"line":97,"column":9}},{"start":{},"end":{}}],"line":89},"19":{"loc":{"start":{"line":93,"column":16},"end":{"line":93,"column":34}},"type":"if","locations":[{"start":{"line":93,"column":16},"end":{"line":93,"column":34}},{"start":{},"end":{}}],"line":93},"20":{"loc":{"start":{"line":104,"column":12},"end":{"line":113,"column":13}},"type":"if","locations":[{"start":{"line":104,"column":12},"end":{"line":113,"column":13}},{"start":{},"end":{}}],"line":104},"21":{"loc":{"start":{"line":109,"column":20},"end":{"line":109,"column":38}},"type":"if","locations":[{"start":{"line":109,"column":20},"end":{"line":109,"column":38}},{"start":{},"end":{}}],"line":109},"22":{"loc":{"start":{"line":128,"column":8},"end":{"line":128,"column":45}},"type":"if","locations":[{"start":{"line":128,"column":8},"end":{"line":128,"column":45}},{"start":{},"end":{}}],"line":128},"23":{"loc":{"start":{"line":132,"column":8},"end":{"line":139,"column":9}},"type":"if","locations":[{"start":{"line":132,"column":8},"end":{"line":139,"column":9}},{"start":{},"end":{}}],"line":132},"24":{"loc":{"start":{"line":141,"column":8},"end":{"line":147,"column":9}},"type":"if","locations":[{"start":{"line":141,"column":8},"end":{"line":147,"column":9}},{"start":{},"end":{}}],"line":141},"25":{"loc":{"start":{"line":152,"column":8},"end":{"line":152,"column":45}},"type":"if","locations":[{"start":{"line":152,"column":8},"end":{"line":152,"column":45}},{"start":{},"end":{}}],"line":152}},"s":{"0":0,"1":0,"2":0,"3":0,"4":0,"5":0,"6":0,"7":0,"8":0,"9":0,"10":0,"11":0,"12":0,"13":0,"14":0,"15":0,"16":0,"17":0,"18":0,"19":0,"20":0,"21":0,"22":0,"23":0,"24":0,"25":0,"26":0,"27":0,"28":0,"29":0,"30":0,"31":0,"32":0,"33":0,"34":0,"35":0,"36":0,"37":0,"38":0,"39":0,"40":0,"41":0,"42":0,"43":0,"44":0,"45":0,"46":0,"47":0,"48":0,"49":0,"50":0,"51":0,"52":0,"53":0,"54":0,"55":0,"56":0,"57":0,"58":0,"59":0,"60":0,"61":0,"62":0,"63":0,"64":0,"65":0,"66":0,"67":0,"68":0,"69":0,"70":0,"71":0,"72":0,"73":0,"74":0,"75":0,"76":0,"77":0,"78":0,"79":0,"80":0,"81":0,"82":0,"83":0,"84":0,"85":0,"86":0,"87":0,"88":0,"89":0,"90":0,"91":0,"92":0,"93":0,"94":0,"95":0,"96":0,"97":0,"98":0,"99":0,"100":0,"101":0,"102":0},"f":{"0":0,"1":0,"2":0,"3":0,"4":0,"5":0,"6":0,"7":0,"8":0,"9":0,"10":0,"11":0,"12":0,"13":0,"14":0},"b":{"0":[0,0],"1":[0],"2":[0,0],"3":[0,0],"4":[0,0],"5":[0,0],"6":[0,0],"7":[0,0],"8":[0,0],"9":[0,0],"10":[0,0],"11":[0,0],"12":[0,0],"13":[0,0],"14":[0,0],"15":[0,0],"16":[0,0],"17":[0,0],"18":[0,0],"19":[0,0],"20":[0,0],"21":[0,0],"22":[0,0],"23":[0,0],"24":[0,0],"25":[0,0]},"_coverageSchema":"1a1c01bbd47fc00a2c39e90264f33305004495a9","hash":"169e4de67e174b04befa1a5295615f972566d5bd"}
,"/Users/juliencaucheteux/red2/server/models/Room.js": {"path":"/Users/juliencaucheteux/red2/server/models/Room.js","statementMap":{"0":{"start":{"line":4,"column":26},"end":{"line":4,"column":28}},"1":{"start":{"line":8,"column":8},"end":{"line":8,"column":27}},"2":{"start":{"line":9,"column":8},"end":{"line":9,"column":37}},"3":{"start":{"line":10,"column":8},"end":{"line":10,"column":60}},"4":{"start":{"line":11,"column":8},"end":{"line":11,"column":29}},"5":{"start":{"line":12,"column":8},"end":{"line":12,"column":33}},"6":{"start":{"line":13,"column":8},"end":{"line":13,"column":31}},"7":{"start":{"line":14,"column":8},"end":{"line":14,"column":25}},"8":{"start":{"line":15,"column":8},"end":{"line":15,"column":23}},"9":{"start":{"line":16,"column":8},"end":{"line":16,"column":30}},"10":{"start":{"line":20,"column":8},"end":{"line":21,"column":71}},"11":{"start":{"line":21,"column":12},"end":{"line":21,"column":71}},"12":{"start":{"line":25,"column":8},"end":{"line":25,"column":43}},"13":{"start":{"line":26,"column":8},"end":{"line":26,"column":41}},"14":{"start":{"line":27,"column":8},"end":{"line":31,"column":9}},"15":{"start":{"line":28,"column":12},"end":{"line":28,"column":33}},"16":{"start":{"line":30,"column":12},"end":{"line":30,"column":85}},"17":{"start":{"line":32,"column":8},"end":{"line":32,"column":39}},"18":{"start":{"line":36,"column":8},"end":{"line":36,"column":33}},"19":{"start":{"line":36,"column":26},"end":{"line":36,"column":33}},"20":{"start":{"line":38,"column":8},"end":{"line":38,"column":28}},"21":{"start":{"line":39,"column":8},"end":{"line":39,"column":38}},"22":{"start":{"line":41,"column":8},"end":{"line":41,"column":53}},"23":{"start":{"line":42,"column":8},"end":{"line":45,"column":9}},"24":{"start":{"line":43,"column":12},"end":{"line":43,"column":29}},"25":{"start":{"line":44,"column":12},"end":{"line":44,"column":60}},"26":{"start":{"line":47,"column":8},"end":{"line":48,"column":39}},"27":{"start":{"line":48,"column":12},"end":{"line":48,"column":39}},"28":{"start":{"line":52,"column":8},"end":{"line":60,"column":9}},"29":{"start":{"line":53,"column":12},"end":{"line":53,"column":56}},"30":{"start":{"line":53,"column":47},"end":{"line":53,"column":56}},"31":{"start":{"line":54,"column":24},"end":{"line":54,"column":52}},"32":{"start":{"line":55,"column":12},"end":{"line":55,"column":35}},"33":{"start":{"line":56,"column":12},"end":{"line":59,"column":13}},"34":{"start":{"line":57,"column":16},"end":{"line":57,"column":61}},"35":{"start":{"line":58,"column":16},"end":{"line":58,"column":36}},"36":{"start":{"line":64,"column":23},"end":{"line":64,"column":49}},"37":{"start":{"line":65,"column":8},"end":{"line":65,"column":46}},"38":{"start":{"line":66,"column":8},"end":{"line":66,"column":36}},"39":{"start":{"line":67,"column":8},"end":{"line":67,"column":53}},"40":{"start":{"line":68,"column":8},"end":{"line":68,"column":28}},"41":{"start":{"line":70,"column":8},"end":{"line":70,"column":38}},"42":{"start":{"line":71,"column":8},"end":{"line":72,"column":25}},"43":{"start":{"line":72,"column":12},"end":{"line":72,"column":25}},"44":{"start":{"line":73,"column":8},"end":{"line":73,"column":76}},"45":{"start":{"line":73,"column":59},"end":{"line":73,"column":74}},"46":{"start":{"line":74,"column":8},"end":{"line":77,"column":9}},"47":{"start":{"line":75,"column":12},"end":{"line":75,"column":45}},"48":{"start":{"line":76,"column":12},"end":{"line":76,"column":60}},"49":{"start":{"line":78,"column":8},"end":{"line":78,"column":20}},"50":{"start":{"line":82,"column":27},"end":{"line":82,"column":93}},"51":{"start":{"line":82,"column":71},"end":{"line":82,"column":92}},"52":{"start":{"line":83,"column":8},"end":{"line":93,"column":9}},"53":{"start":{"line":84,"column":12},"end":{"line":87,"column":13}},"54":{"start":{"line":85,"column":16},"end":{"line":85,"column":63}},"55":{"start":{"line":86,"column":16},"end":{"line":86,"column":55}},"56":{"start":{"line":88,"column":12},"end":{"line":88,"column":33}},"57":{"start":{"line":90,"column":12},"end":{"line":92,"column":15}},"58":{"start":{"line":97,"column":8},"end":{"line":97,"column":37}},"59":{"start":{"line":98,"column":8},"end":{"line":98,"column":78}},"60":{"start":{"line":98,"column":71},"end":{"line":98,"column":78}},"61":{"start":{"line":99,"column":8},"end":{"line":99,"column":67}},"62":{"start":{"line":100,"column":8},"end":{"line":100,"column":21}},"63":{"start":{"line":101,"column":8},"end":{"line":104,"column":9}},"64":{"start":{"line":102,"column":12},"end":{"line":102,"column":116}},"65":{"start":{"line":103,"column":12},"end":{"line":103,"column":35}},"66":{"start":{"line":105,"column":8},"end":{"line":105,"column":46}},"67":{"start":{"line":109,"column":8},"end":{"line":109,"column":91}},"68":{"start":{"line":109,"column":47},"end":{"line":109,"column":80}}},"fnMap":{"0":{"name":"(anonymous_0)","decl":{"start":{"line":7,"column":4},"end":{"line":7,"column":5}},"loc":{"start":{"line":7,"column":47},"end":{"line":17,"column":5}},"line":7},"1":{"name":"(anonymous_1)","decl":{"start":{"line":19,"column":4},"end":{"line":19,"column":5}},"loc":{"start":{"line":19,"column":27},"end":{"line":22,"column":5}},"line":19},"2":{"name":"(anonymous_2)","decl":{"start":{"line":24,"column":4},"end":{"line":24,"column":5}},"loc":{"start":{"line":24,"column":32},"end":{"line":33,"column":5}},"line":24},"3":{"name":"(anonymous_3)","decl":{"start":{"line":35,"column":4},"end":{"line":35,"column":5}},"loc":{"start":{"line":35,"column":16},"end":{"line":49,"column":5}},"line":35},"4":{"name":"(anonymous_4)","decl":{"start":{"line":51,"column":4},"end":{"line":51,"column":5}},"loc":{"start":{"line":51,"column":40},"end":{"line":61,"column":5}},"line":51},"5":{"name":"(anonymous_5)","decl":{"start":{"line":63,"column":4},"end":{"line":63,"column":5}},"loc":{"start":{"line":63,"column":27},"end":{"line":79,"column":5}},"line":63},"6":{"name":"(anonymous_6)","decl":{"start":{"line":73,"column":53},"end":{"line":73,"column":54}},"loc":{"start":{"line":73,"column":59},"end":{"line":73,"column":74}},"line":73},"7":{"name":"(anonymous_7)","decl":{"start":{"line":81,"column":4},"end":{"line":81,"column":5}},"loc":{"start":{"line":81,"column":19},"end":{"line":94,"column":5}},"line":81},"8":{"name":"(anonymous_8)","decl":{"start":{"line":82,"column":61},"end":{"line":82,"column":62}},"loc":{"start":{"line":82,"column":71},"end":{"line":82,"column":92}},"line":82},"9":{"name":"(anonymous_9)","decl":{"start":{"line":96,"column":4},"end":{"line":96,"column":5}},"loc":{"start":{"line":96,"column":29},"end":{"line":106,"column":5}},"line":96},"10":{"name":"(anonymous_10)","decl":{"start":{"line":108,"column":4},"end":{"line":108,"column":5}},"loc":{"start":{"line":108,"column":30},"end":{"line":110,"column":5}},"line":108},"11":{"name":"(anonymous_11)","decl":{"start":{"line":109,"column":41},"end":{"line":109,"column":42}},"loc":{"start":{"line":109,"column":47},"end":{"line":109,"column":80}},"line":109}},"branchMap":{"0":{"loc":{"start":{"line":7,"column":28},"end":{"line":7,"column":45}},"type":"default-arg","locations":[{"start":{"line":7,"column":39},"end":{"line":7,"column":45}}],"line":7},"1":{"loc":{"start":{"line":21,"column":12},"end":{"line":21,"column":70}},"type":"binary-expr","locations":[{"start":{"line":21,"column":12},"end":{"line":21,"column":35}},{"start":{"line":21,"column":39},"end":{"line":21,"column":70}}],"line":21},"2":{"loc":{"start":{"line":27,"column":8},"end":{"line":31,"column":9}},"type":"if","locations":[{"start":{"line":27,"column":8},"end":{"line":31,"column":9}},{"start":{},"end":{}}],"line":27},"3":{"loc":{"start":{"line":36,"column":8},"end":{"line":36,"column":33}},"type":"if","locations":[{"start":{"line":36,"column":8},"end":{"line":36,"column":33}},{"start":{},"end":{}}],"line":36},"4":{"loc":{"start":{"line":53,"column":12},"end":{"line":53,"column":56}},"type":"if","locations":[{"start":{"line":53,"column":12},"end":{"line":53,"column":56}},{"start":{},"end":{}}],"line":53},"5":{"loc":{"start":{"line":56,"column":12},"end":{"line":59,"column":13}},"type":"if","locations":[{"start":{"line":56,"column":12},"end":{"line":59,"column":13}},{"start":{},"end":{}}],"line":56},"6":{"loc":{"start":{"line":71,"column":8},"end":{"line":72,"column":25}},"type":"if","locations":[{"start":{"line":71,"column":8},"end":{"line":72,"column":25}},{"start":{},"end":{}}],"line":71},"7":{"loc":{"start":{"line":74,"column":8},"end":{"line":77,"column":9}},"type":"if","locations":[{"start":{"line":74,"column":8},"end":{"line":77,"column":9}},{"start":{},"end":{}}],"line":74},"8":{"loc":{"start":{"line":83,"column":8},"end":{"line":93,"column":9}},"type":"if","locations":[{"start":{"line":83,"column":8},"end":{"line":93,"column":9}},{"start":{},"end":{}}],"line":83},"9":{"loc":{"start":{"line":84,"column":12},"end":{"line":87,"column":13}},"type":"if","locations":[{"start":{"line":84,"column":12},"end":{"line":87,"column":13}},{"start":{},"end":{}}],"line":84},"10":{"loc":{"start":{"line":91,"column":24},"end":{"line":91,"column":78}},"type":"cond-expr","locations":[{"start":{"line":91,"column":46},"end":{"line":91,"column":71}},{"start":{"line":91,"column":74},"end":{"line":91,"column":78}}],"line":91},"11":{"loc":{"start":{"line":98,"column":8},"end":{"line":98,"column":78}},"type":"if","locations":[{"start":{"line":98,"column":8},"end":{"line":98,"column":78}},{"start":{},"end":{}}],"line":98},"12":{"loc":{"start":{"line":102,"column":40},"end":{"line":102,"column":103}},"type":"cond-expr","locations":[{"start":{"line":102,"column":75},"end":{"line":102,"column":99}},{"start":{"line":102,"column":102},"end":{"line":102,"column":103}}],"line":102}},"s":{"0":1,"1":0,"2":0,"3":0,"4":0,"5":0,"6":0,"7":0,"8":0,"9":0,"10":0,"11":0,"12":0,"13":0,"14":0,"15":0,"16":0,"17":0,"18":0,"19":0,"20":0,"21":0,"22":0,"23":0,"24":0,"25":0,"26":0,"27":0,"28":0,"29":0,"30":0,"31":0,"32":0,"33":0,"34":0,"35":0,"36":0,"37":0,"38":0,"39":0,"40":0,"41":0,"42":0,"43":0,"44":0,"45":0,"46":0,"47":0,"48":0,"49":0,"50":0,"51":0,"52":0,"53":0,"54":0,"55":0,"56":0,"57":0,"58":0,"59":0,"60":0,"61":0,"62":0,"63":0,"64":0,"65":0,"66":0,"67":0,"68":0},"f":{"0":0,"1":0,"2":0,"3":0,"4":0,"5":0,"6":0,"7":0,"8":0,"9":0,"10":0,"11":0},"b":{"0":[0],"1":[0,0],"2":[0,0],"3":[0,0],"4":[0,0],"5":[0,0],"6":[0,0],"7":[0,0],"8":[0,0],"9":[0,0],"10":[0,0],"11":[0,0],"12":[0,0]},"_coverageSchema":"1a1c01bbd47fc00a2c39e90264f33305004495a9","hash":"81f60296cce5c6ba8e6722a3792ba1cc735597d7"}
,"/Users/juliencaucheteux/red2/server/models/ScoreManager.js": {"path":"/Users/juliencaucheteux/red2/server/models/ScoreManager.js","statementMap":{"0":{"start":{"line":5,"column":25},"end":{"line":5,"column":72}},"1":{"start":{"line":9,"column":8},"end":{"line":9,"column":48}},"2":{"start":{"line":13,"column":8},"end":{"line":19,"column":9}},"3":{"start":{"line":14,"column":25},"end":{"line":14,"column":66}},"4":{"start":{"line":15,"column":12},"end":{"line":15,"column":36}},"5":{"start":{"line":17,"column":12},"end":{"line":17,"column":68}},"6":{"start":{"line":18,"column":12},"end":{"line":18,"column":22}},"7":{"start":{"line":23,"column":8},"end":{"line":28,"column":9}},"8":{"start":{"line":24,"column":25},"end":{"line":24,"column":61}},"9":{"start":{"line":25,"column":12},"end":{"line":25,"column":61}},"10":{"start":{"line":27,"column":12},"end":{"line":27,"column":66}},"11":{"start":{"line":32,"column":8},"end":{"line":32,"column":40}},"12":{"start":{"line":32,"column":32},"end":{"line":32,"column":40}},"13":{"start":{"line":34,"column":8},"end":{"line":35,"column":19}},"14":{"start":{"line":35,"column":12},"end":{"line":35,"column":19}},"15":{"start":{"line":37,"column":21},"end":{"line":42,"column":9}},"16":{"start":{"line":43,"column":8},"end":{"line":43,"column":31}},"17":{"start":{"line":44,"column":8},"end":{"line":44,"column":54}},"18":{"start":{"line":44,"column":35},"end":{"line":44,"column":52}},"19":{"start":{"line":45,"column":8},"end":{"line":45,"column":47}},"20":{"start":{"line":46,"column":8},"end":{"line":46,"column":32}},"21":{"start":{"line":49,"column":18},"end":{"line":49,"column":37}},"22":{"start":{"line":52,"column":28},"end":{"line":52,"column":46}}},"fnMap":{"0":{"name":"(anonymous_0)","decl":{"start":{"line":8,"column":4},"end":{"line":8,"column":5}},"loc":{"start":{"line":8,"column":18},"end":{"line":10,"column":5}},"line":8},"1":{"name":"(anonymous_1)","decl":{"start":{"line":12,"column":4},"end":{"line":12,"column":5}},"loc":{"start":{"line":12,"column":25},"end":{"line":20,"column":5}},"line":12},"2":{"name":"(anonymous_2)","decl":{"start":{"line":22,"column":4},"end":{"line":22,"column":5}},"loc":{"start":{"line":22,"column":23},"end":{"line":29,"column":5}},"line":22},"3":{"name":"(anonymous_3)","decl":{"start":{"line":31,"column":4},"end":{"line":31,"column":5}},"loc":{"start":{"line":31,"column":21},"end":{"line":47,"column":5}},"line":31},"4":{"name":"(anonymous_4)","decl":{"start":{"line":44,"column":25},"end":{"line":44,"column":26}},"loc":{"start":{"line":44,"column":35},"end":{"line":44,"column":52}},"line":44},"5":{"name":"(anonymous_5)","decl":{"start":{"line":49,"column":4},"end":{"line":49,"column":5}},"loc":{"start":{"line":49,"column":16},"end":{"line":49,"column":39}},"line":49}},"branchMap":{"0":{"loc":{"start":{"line":32,"column":8},"end":{"line":32,"column":40}},"type":"if","locations":[{"start":{"line":32,"column":8},"end":{"line":32,"column":40}},{"start":{},"end":{}}],"line":32},"1":{"loc":{"start":{"line":34,"column":8},"end":{"line":35,"column":19}},"type":"if","locations":[{"start":{"line":34,"column":8},"end":{"line":35,"column":19}},{"start":{},"end":{}}],"line":34},"2":{"loc":{"start":{"line":34,"column":12},"end":{"line":34,"column":75}},"type":"binary-expr","locations":[{"start":{"line":34,"column":12},"end":{"line":34,"column":36}},{"start":{"line":34,"column":40},"end":{"line":34,"column":75}}],"line":34}},"s":{"0":1,"1":1,"2":1,"3":1,"4":1,"5":0,"6":0,"7":0,"8":0,"9":0,"10":0,"11":0,"12":0,"13":0,"14":0,"15":0,"16":0,"17":0,"18":0,"19":0,"20":0,"21":0,"22":1},"f":{"0":1,"1":1,"2":0,"3":0,"4":0,"5":0},"b":{"0":[0,0],"1":[0,0],"2":[0,0]},"_coverageSchema":"1a1c01bbd47fc00a2c39e90264f33305004495a9","hash":"ac542f7b5913a23bbf11ac4b21c598562b975e85"}
,"/Users/juliencaucheteux/red2/server/models/Tetris.js": {"path":"/Users/juliencaucheteux/red2/server/models/Tetris.js","statementMap":{"0":{"start":{"line":4,"column":19},"end":{"line":4,"column":20}},"1":{"start":{"line":5,"column":14},"end":{"line":5,"column":17}},"2":{"start":{"line":9,"column":2},"end":{"line":9,"column":25}},"3":{"start":{"line":10,"column":2},"end":{"line":10,"column":25}},"4":{"start":{"line":11,"column":2},"end":{"line":11,"column":65}},"5":{"start":{"line":15,"column":2},"end":{"line":15,"column":134}},"6":{"start":{"line":19,"column":2},"end":{"line":19,"column":25}},"7":{"start":{"line":20,"column":2},"end":{"line":20,"column":28}},"8":{"start":{"line":21,"column":2},"end":{"line":21,"column":56}},"9":{"start":{"line":22,"column":2},"end":{"line":22,"column":22}},"10":{"start":{"line":23,"column":2},"end":{"line":23,"column":60}},"11":{"start":{"line":24,"column":2},"end":{"line":24,"column":65}},"12":{"start":{"line":25,"column":2},"end":{"line":25,"column":24}},"13":{"start":{"line":26,"column":2},"end":{"line":26,"column":28}},"14":{"start":{"line":27,"column":2},"end":{"line":27,"column":54}},"15":{"start":{"line":31,"column":15},"end":{"line":31,"column":17}},"16":{"start":{"line":32,"column":2},"end":{"line":38,"column":3}},"17":{"start":{"line":32,"column":15},"end":{"line":32,"column":16}},"18":{"start":{"line":33,"column":15},"end":{"line":33,"column":17}},"19":{"start":{"line":34,"column":3},"end":{"line":36,"column":4}},"20":{"start":{"line":34,"column":16},"end":{"line":34,"column":17}},"21":{"start":{"line":35,"column":4},"end":{"line":35,"column":16}},"22":{"start":{"line":37,"column":3},"end":{"line":37,"column":18}},"23":{"start":{"line":39,"column":2},"end":{"line":39,"column":14}},"24":{"start":{"line":43,"column":17},"end":{"line":43,"column":19}},"25":{"start":{"line":44,"column":2},"end":{"line":48,"column":5}},"26":{"start":{"line":45,"column":3},"end":{"line":47,"column":4}},"27":{"start":{"line":45,"column":25},"end":{"line":45,"column":35}},"28":{"start":{"line":46,"column":4},"end":{"line":46,"column":25}},"29":{"start":{"line":49,"column":18},"end":{"line":49,"column":75}},"30":{"start":{"line":49,"column":49},"end":{"line":49,"column":74}},"31":{"start":{"line":51,"column":2},"end":{"line":53,"column":3}},"32":{"start":{"line":51,"column":15},"end":{"line":51,"column":16}},"33":{"start":{"line":52,"column":3},"end":{"line":52,"column":49}},"34":{"start":{"line":54,"column":2},"end":{"line":54,"column":22}},"35":{"start":{"line":55,"column":2},"end":{"line":55,"column":18}},"36":{"start":{"line":59,"column":16},"end":{"line":59,"column":39}},"37":{"start":{"line":60,"column":2},"end":{"line":67,"column":3}},"38":{"start":{"line":60,"column":15},"end":{"line":60,"column":16}},"39":{"start":{"line":61,"column":20},"end":{"line":61,"column":52}},"40":{"start":{"line":63,"column":20},"end":{"line":63,"column":57}},"41":{"start":{"line":64,"column":3},"end":{"line":64,"column":26}},"42":{"start":{"line":66,"column":3},"end":{"line":66,"column":26}},"43":{"start":{"line":68,"column":2},"end":{"line":68,"column":22}},"44":{"start":{"line":69,"column":2},"end":{"line":69,"column":32}},"45":{"start":{"line":71,"column":2},"end":{"line":73,"column":3}},"46":{"start":{"line":72,"column":3},"end":{"line":72,"column":16}},"47":{"start":{"line":74,"column":2},"end":{"line":74,"column":14}},"48":{"start":{"line":78,"column":2},"end":{"line":78,"column":33}},"49":{"start":{"line":78,"column":26},"end":{"line":78,"column":33}},"50":{"start":{"line":80,"column":23},"end":{"line":80,"column":38}},"51":{"start":{"line":81,"column":20},"end":{"line":81,"column":65}},"52":{"start":{"line":82,"column":2},"end":{"line":85,"column":5}},"53":{"start":{"line":83,"column":3},"end":{"line":83,"column":21}},"54":{"start":{"line":83,"column":14},"end":{"line":83,"column":21}},"55":{"start":{"line":84,"column":3},"end":{"line":84,"column":45}},"56":{"start":{"line":89,"column":23},"end":{"line":89,"column":38}},"57":{"start":{"line":90,"column":20},"end":{"line":90,"column":65}},"58":{"start":{"line":92,"column":2},"end":{"line":95,"column":5}},"59":{"start":{"line":93,"column":3},"end":{"line":93,"column":21}},"60":{"start":{"line":93,"column":14},"end":{"line":93,"column":21}},"61":{"start":{"line":94,"column":3},"end":{"line":94,"column":23}},"62":{"start":{"line":99,"column":2},"end":{"line":102,"column":44}},"63":{"start":{"line":100,"column":3},"end":{"line":102,"column":42}},"64":{"start":{"line":106,"column":23},"end":{"line":106,"column":38}},"65":{"start":{"line":107,"column":20},"end":{"line":107,"column":65}},"66":{"start":{"line":108,"column":2},"end":{"line":111,"column":5}},"67":{"start":{"line":109,"column":3},"end":{"line":109,"column":21}},"68":{"start":{"line":109,"column":14},"end":{"line":109,"column":21}},"69":{"start":{"line":110,"column":3},"end":{"line":110,"column":58}},"70":{"start":{"line":115,"column":2},"end":{"line":115,"column":62}},"71":{"start":{"line":116,"column":2},"end":{"line":116,"column":64}},"72":{"start":{"line":120,"column":2},"end":{"line":124,"column":3}},"73":{"start":{"line":120,"column":32},"end":{"line":120,"column":50}},"74":{"start":{"line":121,"column":3},"end":{"line":121,"column":34}},"75":{"start":{"line":122,"column":3},"end":{"line":122,"column":24}},"76":{"start":{"line":123,"column":3},"end":{"line":123,"column":15}},"77":{"start":{"line":125,"column":2},"end":{"line":125,"column":15}}},"fnMap":{"0":{"name":"(anonymous_0)","decl":{"start":{"line":8,"column":1},"end":{"line":8,"column":2}},"loc":{"start":{"line":8,"column":15},"end":{"line":12,"column":2}},"line":8},"1":{"name":"(anonymous_1)","decl":{"start":{"line":14,"column":1},"end":{"line":14,"column":2}},"loc":{"start":{"line":14,"column":24},"end":{"line":16,"column":2}},"line":14},"2":{"name":"(anonymous_2)","decl":{"start":{"line":18,"column":1},"end":{"line":18,"column":2}},"loc":{"start":{"line":18,"column":29},"end":{"line":28,"column":2}},"line":18},"3":{"name":"(anonymous_3)","decl":{"start":{"line":30,"column":1},"end":{"line":30,"column":2}},"loc":{"start":{"line":30,"column":28},"end":{"line":40,"column":2}},"line":30},"4":{"name":"(anonymous_4)","decl":{"start":{"line":42,"column":1},"end":{"line":42,"column":2}},"loc":{"start":{"line":42,"column":17},"end":{"line":56,"column":2}},"line":42},"5":{"name":"(anonymous_5)","decl":{"start":{"line":44,"column":20},"end":{"line":44,"column":21}},"loc":{"start":{"line":44,"column":36},"end":{"line":48,"column":3}},"line":44},"6":{"name":"(anonymous_6)","decl":{"start":{"line":45,"column":17},"end":{"line":45,"column":18}},"loc":{"start":{"line":45,"column":25},"end":{"line":45,"column":35}},"line":45},"7":{"name":"(anonymous_7)","decl":{"start":{"line":49,"column":35},"end":{"line":49,"column":36}},"loc":{"start":{"line":49,"column":49},"end":{"line":49,"column":74}},"line":49},"8":{"name":"(anonymous_8)","decl":{"start":{"line":58,"column":1},"end":{"line":58,"column":2}},"loc":{"start":{"line":58,"column":18},"end":{"line":75,"column":2}},"line":58},"9":{"name":"(anonymous_9)","decl":{"start":{"line":77,"column":1},"end":{"line":77,"column":2}},"loc":{"start":{"line":77,"column":27},"end":{"line":86,"column":2}},"line":77},"10":{"name":"(anonymous_10)","decl":{"start":{"line":82,"column":20},"end":{"line":82,"column":21}},"loc":{"start":{"line":82,"column":32},"end":{"line":85,"column":3}},"line":82},"11":{"name":"(anonymous_11)","decl":{"start":{"line":88,"column":1},"end":{"line":88,"column":2}},"loc":{"start":{"line":88,"column":24},"end":{"line":96,"column":2}},"line":88},"12":{"name":"(anonymous_12)","decl":{"start":{"line":92,"column":20},"end":{"line":92,"column":21}},"loc":{"start":{"line":92,"column":32},"end":{"line":95,"column":3}},"line":92},"13":{"name":"(anonymous_13)","decl":{"start":{"line":98,"column":1},"end":{"line":98,"column":2}},"loc":{"start":{"line":98,"column":28},"end":{"line":103,"column":2}},"line":98},"14":{"name":"(anonymous_14)","decl":{"start":{"line":99,"column":25},"end":{"line":99,"column":26}},"loc":{"start":{"line":100,"column":3},"end":{"line":102,"column":42}},"line":100},"15":{"name":"(anonymous_15)","decl":{"start":{"line":105,"column":1},"end":{"line":105,"column":2}},"loc":{"start":{"line":105,"column":12},"end":{"line":112,"column":2}},"line":105},"16":{"name":"(anonymous_16)","decl":{"start":{"line":108,"column":20},"end":{"line":108,"column":21}},"loc":{"start":{"line":108,"column":32},"end":{"line":111,"column":3}},"line":108},"17":{"name":"(anonymous_17)","decl":{"start":{"line":114,"column":1},"end":{"line":114,"column":2}},"loc":{"start":{"line":114,"column":15},"end":{"line":117,"column":2}},"line":114},"18":{"name":"(anonymous_18)","decl":{"start":{"line":119,"column":1},"end":{"line":119,"column":2}},"loc":{"start":{"line":119,"column":17},"end":{"line":126,"column":2}},"line":119},"19":{"name":"(anonymous_19)","decl":{"start":{"line":120,"column":24},"end":{"line":120,"column":25}},"loc":{"start":{"line":120,"column":32},"end":{"line":120,"column":50}},"line":120}},"branchMap":{"0":{"loc":{"start":{"line":18,"column":20},"end":{"line":18,"column":27}},"type":"default-arg","locations":[{"start":{"line":18,"column":26},"end":{"line":18,"column":27}}],"line":18},"1":{"loc":{"start":{"line":45,"column":3},"end":{"line":47,"column":4}},"type":"if","locations":[{"start":{"line":45,"column":3},"end":{"line":47,"column":4}},{"start":{},"end":{}}],"line":45},"2":{"loc":{"start":{"line":71,"column":2},"end":{"line":73,"column":3}},"type":"if","locations":[{"start":{"line":71,"column":2},"end":{"line":73,"column":3}},{"start":{},"end":{}}],"line":71},"3":{"loc":{"start":{"line":78,"column":2},"end":{"line":78,"column":33}},"type":"if","locations":[{"start":{"line":78,"column":2},"end":{"line":78,"column":33}},{"start":{},"end":{}}],"line":78},"4":{"loc":{"start":{"line":83,"column":3},"end":{"line":83,"column":21}},"type":"if","locations":[{"start":{"line":83,"column":3},"end":{"line":83,"column":21}},{"start":{},"end":{}}],"line":83},"5":{"loc":{"start":{"line":93,"column":3},"end":{"line":93,"column":21}},"type":"if","locations":[{"start":{"line":93,"column":3},"end":{"line":93,"column":21}},{"start":{},"end":{}}],"line":93},"6":{"loc":{"start":{"line":100,"column":3},"end":{"line":102,"column":42}},"type":"binary-expr","locations":[{"start":{"line":100,"column":3},"end":{"line":100,"column":16}},{"start":{"line":101,"column":3},"end":{"line":101,"column":9}},{"start":{"line":101,"column":13},"end":{"line":101,"column":26}},{"start":{"line":102,"column":4},"end":{"line":102,"column":9}},{"start":{"line":102,"column":13},"end":{"line":102,"column":41}}],"line":100},"7":{"loc":{"start":{"line":109,"column":3},"end":{"line":109,"column":21}},"type":"if","locations":[{"start":{"line":109,"column":3},"end":{"line":109,"column":21}},{"start":{},"end":{}}],"line":109},"8":{"loc":{"start":{"line":120,"column":2},"end":{"line":124,"column":3}},"type":"if","locations":[{"start":{"line":120,"column":2},"end":{"line":124,"column":3}},{"start":{},"end":{}}],"line":120}},"s":{"0":1,"1":1,"2":0,"3":0,"4":0,"5":0,"6":0,"7":0,"8":0,"9":0,"10":0,"11":0,"12":0,"13":0,"14":0,"15":0,"16":0,"17":0,"18":0,"19":0,"20":0,"21":0,"22":0,"23":0,"24":0,"25":0,"26":0,"27":0,"28":0,"29":0,"30":0,"31":0,"32":0,"33":0,"34":0,"35":0,"36":0,"37":0,"38":0,"39":0,"40":0,"41":0,"42":0,"43":0,"44":0,"45":0,"46":0,"47":0,"48":0,"49":0,"50":0,"51":0,"52":0,"53":0,"54":0,"55":0,"56":0,"57":0,"58":0,"59":0,"60":0,"61":0,"62":0,"63":0,"64":0,"65":0,"66":0,"67":0,"68":0,"69":0,"70":0,"71":0,"72":0,"73":0,"74":0,"75":0,"76":0,"77":0},"f":{"0":0,"1":0,"2":0,"3":0,"4":0,"5":0,"6":0,"7":0,"8":0,"9":0,"10":0,"11":0,"12":0,"13":0,"14":0,"15":0,"16":0,"17":0,"18":0,"19":0},"b":{"0":[0],"1":[0,0],"2":[0,0],"3":[0,0],"4":[0,0],"5":[0,0],"6":[0,0,0,0,0],"7":[0,0],"8":[0,0]},"_coverageSchema":"1a1c01bbd47fc00a2c39e90264f33305004495a9","hash":"1f0c1f582dce06f5190cf725c2b24725c9915c40"}
,"/Users/juliencaucheteux/red2/server/models/Tetromino.js": {"path":"/Users/juliencaucheteux/red2/server/models/Tetromino.js","statementMap":{"0":{"start":{"line":5,"column":2},"end":{"line":5,"column":21}},"1":{"start":{"line":6,"column":2},"end":{"line":6,"column":46}},"2":{"start":{"line":7,"column":2},"end":{"line":7,"column":18}},"3":{"start":{"line":11,"column":2},"end":{"line":12,"column":39}},"4":{"start":{"line":12,"column":20},"end":{"line":12,"column":38}},"5":{"start":{"line":16,"column":2},"end":{"line":17,"column":39}},"6":{"start":{"line":17,"column":20},"end":{"line":17,"column":38}}},"fnMap":{"0":{"name":"(anonymous_0)","decl":{"start":{"line":4,"column":1},"end":{"line":4,"column":2}},"loc":{"start":{"line":4,"column":20},"end":{"line":8,"column":2}},"line":4},"1":{"name":"(anonymous_1)","decl":{"start":{"line":10,"column":1},"end":{"line":10,"column":2}},"loc":{"start":{"line":10,"column":29},"end":{"line":13,"column":2}},"line":10},"2":{"name":"(anonymous_2)","decl":{"start":{"line":12,"column":8},"end":{"line":12,"column":9}},"loc":{"start":{"line":12,"column":20},"end":{"line":12,"column":38}},"line":12},"3":{"name":"(anonymous_3)","decl":{"start":{"line":15,"column":1},"end":{"line":15,"column":2}},"loc":{"start":{"line":15,"column":30},"end":{"line":18,"column":2}},"line":15},"4":{"name":"(anonymous_4)","decl":{"start":{"line":17,"column":8},"end":{"line":17,"column":9}},"loc":{"start":{"line":17,"column":20},"end":{"line":17,"column":38}},"line":17}},"branchMap":{},"s":{"0":0,"1":0,"2":0,"3":0,"4":0,"5":0,"6":0},"f":{"0":0,"1":0,"2":0,"3":0,"4":0},"b":{},"_coverageSchema":"1a1c01bbd47fc00a2c39e90264f33305004495a9","hash":"7653459ca249162d9b2a8db43371d3549c533920"}
,"/Users/juliencaucheteux/red2/server/routes/api.js": {"path":"/Users/juliencaucheteux/red2/server/routes/api.js","statementMap":{"0":{"start":{"line":2,"column":15},"end":{"line":2,"column":31}},"1":{"start":{"line":7,"column":0},"end":{"line":7,"column":38}},"2":{"start":{"line":8,"column":0},"end":{"line":8,"column":36}},"3":{"start":{"line":9,"column":0},"end":{"line":9,"column":40}},"4":{"start":{"line":10,"column":0},"end":{"line":10,"column":43}},"5":{"start":{"line":12,"column":0},"end":{"line":12,"column":39}}},"fnMap":{},"branchMap":{},"s":{"0":1,"1":1,"2":1,"3":1,"4":1,"5":1},"f":{},"b":{},"_coverageSchema":"1a1c01bbd47fc00a2c39e90264f33305004495a9","hash":"daa3c44b007aa139228e57c7cde8964b40ee4ffe"}
}
